distributed.nanny - INFO -         Start Nanny at: 'tcp://10.118.230.66:44387'
distributed.worker - INFO -       Start worker at:  tcp://10.118.230.66:39388
distributed.worker - INFO -          Listening to:  tcp://10.118.230.66:39388
distributed.worker - INFO -          dashboard at:        10.118.230.66:41032
distributed.worker - INFO - Waiting to connect to:       tcp://r22i13n02:8786
distributed.worker - INFO - -------------------------------------------------
distributed.worker - INFO -               Threads:                         18
distributed.worker - INFO -                Memory:                 188.58 GiB
distributed.worker - INFO -       Local Directory: /vsc-hard-mounts/leuven-user/341/vsc34153/dask-worker-space/worker-lj39qpnz
distributed.worker - INFO - -------------------------------------------------
distributed.worker - INFO -         Registered to:       tcp://r22i13n02:8786
distributed.worker - INFO - -------------------------------------------------
distributed.core - INFO - Starting established connection
distributed.utils_perf - INFO - full garbage collection released 23.07 MiB from 695 reference cycles (threshold: 9.54 MiB)
distributed.worker - WARNING - Compute Failed
Function:  subgraph_callable
args:      (         code  ...                                               bbox
osm_id         ...                                                   
4217292  5122  ...  b'\x01\x03\x00\x00\x00\x01\x00\x00\x00\x05\x00...
4217293  5122  ...  b'\x01\x03\x00\x00\x00\x01\x00\x00\x00\x05\x00...
4217294  5122  ...  b'\x01\x03\x00\x00\x00\x01\x00\x00\x00\x05\x00...
4217295  5122  ...  b'\x01\x03\x00\x00\x00\x01\x00\x00\x00\x05\x00...
4217297  5122  ...  b'\x01\x03\x00\x00\x00\x01\x00\x00\x00\x05\x00...
...       ...  ...                                                ...
4331532  5114  ...  b'\x01\x03\x00\x00\x00\x01\x00\x00\x00\x05\x00...
4331533  5132  ...  b'\x01\x03\x00\x00\x00\x01\x00\x00\x00\x05\x00...
4331534  5132  ...  b'\x01\x03\x00\x00\x00\x01\x00\x00\x00\x05\x00...
4331536  5132  ...  b'\x01\x03\x00\x00\x00\x01\x00\x00\x00\x05\x00...
4331539  5132  ...  b'\x01\x03\x00\x00\x00\x01\x00\x00\x00\x05\x00...

[100 rows x 11 columns], <function foo at 0x2ae11f7f4ca0>, 'loc-da1c93f67562008925a1d211
kwargs:    {}
Exception: AttributeError("'Series' object has no attribute 'Index'")

distributed.worker - INFO - Connection to scheduler broken.  Reconnecting...
distributed.dask_worker - INFO - Exiting on signal 15
distributed.nanny - INFO - Closing Nanny at 'tcp://10.118.230.66:44387'
distributed.worker - INFO - Stopping worker at tcp://10.118.230.66:39388
distributed.nanny - INFO - Worker process 22647 was killed by signal 15
distributed.dask_worker - INFO - End worker
